<?xml version="1.0" encoding="UTF-8"?><testsuite errors="0" failures="0" name="com.bestbuy.storesinfo.StoresCURDTestWithSteps" skipped="0" tests="4" time="3.71" timestamp="2023-02-28T17:33:24.643Z[Europe/London]"><testcase classname="com.bestbuy.storesinfo.StoresCURDTestWithSteps" name="This will create a new stores"/><testcase classname="com.bestbuy.storesinfo.StoresCURDTestWithSteps" name="verify if store is created"/><testcase classname="com.bestbuy.storesinfo.StoresCURDTestWithSteps" name="Update the stores information"/><testcase classname="com.bestbuy.storesinfo.StoresCURDTestWithSteps" name="Delete stores info by storesID and verify its deleted"/></testsuite>