<?xml version="1.0" encoding="UTF-8"?><testsuite errors="0" failures="0" name="com.bestbuy.servicesinfo.ServicesCURDTest" skipped="0" tests="4" time="6.03" timestamp="2023-02-27T18:30:26.548Z[Europe/London]"><testcase classname="com.bestbuy.servicesinfo.ServicesCURDTest" name="This will create new services"/><testcase classname="com.bestbuy.servicesinfo.ServicesCURDTest" name="Verify if services was created"/><testcase classname="com.bestbuy.servicesinfo.ServicesCURDTest" name="Update the user and verify the updated information"/><testcase classname="com.bestbuy.servicesinfo.ServicesCURDTest" name="Delete the services and verify if the services is deleted"/></testsuite>