<?xml version="1.0" encoding="UTF-8"?><testsuite errors="0" failures="0" name="com.bestbuy.categoriesinfo.CategoriesCURDTest" skipped="0" tests="4" time="3.22" timestamp="2023-02-27T17:26:28.412Z[Europe/London]"><testcase classname="com.bestbuy.categoriesinfo.CategoriesCURDTest" name="This will create a new categories"/><testcase classname="com.bestbuy.categoriesinfo.CategoriesCURDTest" name="Verify if categories was created"/><testcase classname="com.bestbuy.categoriesinfo.CategoriesCURDTest" name="Update the user and verify the updates information"/><testcase classname="com.bestbuy.categoriesinfo.CategoriesCURDTest" name="Delete the categories and verify if the student is deleted"/></testsuite>