<?xml version="1.0" encoding="UTF-8"?><testsuite errors="0" failures="0" name="com.bestbuy.servicesinfo.ServicesCURDTestWithSteps" skipped="0" tests="4" time="6.7" timestamp="2023-02-28T13:12:37.824Z[Europe/London]"><testcase classname="com.bestbuy.servicesinfo.ServicesCURDTestWithSteps" name="This will create a new service"/><testcase classname="com.bestbuy.servicesinfo.ServicesCURDTestWithSteps" name="verify if services is created"/><testcase classname="com.bestbuy.servicesinfo.ServicesCURDTestWithSteps" name="update the user information"/><testcase classname="com.bestbuy.servicesinfo.ServicesCURDTestWithSteps" name="Delete service info by ServicesID and verify its deleted"/></testsuite>