<?xml version="1.0" encoding="UTF-8"?><testsuite errors="0" failures="1" name="com.bestbuy.productinfo.ProductCURDTestWithSteps" skipped="0" tests="1" time="3.32" timestamp="2023-02-28T18:47:14.529Z[Europe/London]"><testcase classname="com.bestbuy.productinfo.ProductCURDTestWithSteps" name="verify if product is created"><failure message="1 expectation failed.&#10;Expected status code &lt;200&gt; but was &lt;404&gt;.&#10;" type="java.lang.AssertionError">1 expectation failed.
Expected status code &lt;200&gt; but was &lt;404&gt;.
</failure><system-err>1 expectation failed.
Expected status code &lt;200&gt; but was &lt;404&gt;.
&#13;
io.restassured.internal.ResponseSpecificationImpl.validateResponseIfRequired(ResponseSpecificationImpl.groovy:636)&#13;
io.restassured.internal.ResponseSpecificationImpl.statusCode(ResponseSpecificationImpl.groovy:122)&#13;
io.restassured.internal.ResponseSpecificationImpl.statusCode(ResponseSpecificationImpl.groovy:130)&#13;
io.restassured.internal.ValidatableResponseOptionsImpl.statusCode(ValidatableResponseOptionsImpl.java:117)&#13;
com.bestbuy.productsinfo.ProductsSteps.getProductsInfoByName(ProductsSteps.java:56)&#13;
com.bestbuy.productinfo.ProductCURDTestWithSteps.test002(ProductCURDTestWithSteps.java:43)&#13;
</system-err></testcase></testsuite>