<?xml version="1.0" encoding="UTF-8"?><testsuite errors="0" failures="0" name="com.bestbuy.productinfo.ProductCURDTest" skipped="0" tests="4" time="4.65" timestamp="2023-02-28T18:58:55.256Z[Europe/London]"><testcase classname="com.bestbuy.productinfo.ProductCURDTest" name="This will create a new products"/><testcase classname="com.bestbuy.productinfo.ProductCURDTest" name="Verify if product was created"/><testcase classname="com.bestbuy.productinfo.ProductCURDTest" name="Update the product and verify the updated information"/><testcase classname="com.bestbuy.productinfo.ProductCURDTest" name="Delete the student and verify if the student is deleted"/></testsuite>